<?xml version="1.0" encoding="UTF-8"?>
<testng-results skipped="0" failed="0" ignored="0" total="1" passed="1">
  <reporter-output>
  </reporter-output>
  <suite name="Default suite" duration-ms="13980" started-at="2020-10-17T17:53:33Z" finished-at="2020-10-17T17:53:47Z">
    <groups>
    </groups>
    <test name="Default test" duration-ms="13980" started-at="2020-10-17T17:53:33Z" finished-at="2020-10-17T17:53:47Z">
      <class name="testCases.test">
        <test-method status="PASS" signature="tc()[pri:0, instance:testCases.test@26653222]" name="tc" duration-ms="13955" started-at="2020-10-17T17:53:33Z" finished-at="2020-10-17T17:53:47Z">
          <reporter-output>
          </reporter-output>
        </test-method> <!-- tc -->
      </class> <!-- testCases.test -->
    </test> <!-- Default test -->
  </suite> <!-- Default suite -->
</testng-results>
